2021-11-11 21:05:27 INFO  SeleniumDemoFramework:17 - URL is Opened
  2021-11-11 21:05:27 INFO  SeleniumDemoFramework:21 - Entered UserName
  2021-11-11 21:05:27 INFO  SeleniumDemoFramework:24 - Entered Password
  2021-11-11 21:05:47 INFO  SeleniumDemoFramework:32 - Login Test Passed
  2021-11-12 21:46:46 INFO  SeleniumDemoFramework:17 - URL is Opened
  2021-11-12 21:46:46 INFO  SeleniumDemoFramework:21 - Entered UserName
  2021-11-12 21:46:46 INFO  SeleniumDemoFramework:24 - Entered Password
  2021-11-12 21:46:47 INFO  SeleniumDemoFramework:32 - Login Test Passed
  2021-11-15 20:37:14 INFO  SeleniumDemoFramework:17 - URL is Opened
  2021-11-15 20:37:14 INFO  SeleniumDemoFramework:21 - Entered UserName
  2021-11-15 20:37:14 INFO  SeleniumDemoFramework:24 - Entered Password
  2021-11-15 20:37:16 INFO  SeleniumDemoFramework:32 - Login Test Passed
  2021-11-15 20:46:33 INFO  SeleniumDemoFramework:17 - URL is Opened
  2021-11-15 20:46:33 INFO  SeleniumDemoFramework:21 - Entered UserName
  2021-11-15 20:46:33 INFO  SeleniumDemoFramework:24 - Entered Password
  2021-11-15 20:46:34 INFO  SeleniumDemoFramework:32 - Login Test Passed
  2021-11-15 20:57:32 INFO  SeleniumDemoFramework:17 - URL is Opened
  2021-11-15 20:57:32 INFO  SeleniumDemoFramework:21 - Entered UserName
  2021-11-15 20:57:32 INFO  SeleniumDemoFramework:24 - Entered Password
  2021-11-15 20:57:34 INFO  SeleniumDemoFramework:32 - Login Test Passed
  2021-11-15 20:57:58 INFO  SeleniumDemoFramework:17 - URL is Opened
  2021-11-15 20:57:58 INFO  SeleniumDemoFramework:21 - Entered UserName
  2021-11-15 20:57:58 INFO  SeleniumDemoFramework:24 - Entered Password
  2021-11-15 20:58:00 INFO  SeleniumDemoFramework:32 - Login Test Passed
  2021-11-15 21:04:23 INFO  SeleniumDemoFramework:17 - URL is Opened
  2021-11-15 21:04:23 INFO  SeleniumDemoFramework:21 - Entered UserName
  2021-11-15 21:04:23 INFO  SeleniumDemoFramework:24 - Entered Password
  2021-11-15 21:04:26 INFO  SeleniumDemoFramework:32 - Login Test Passed
  